Arguments: 
  /Users/abidali/.nvm/versions/node/v16.13.2/bin/node /Users/abidali/.nvm/versions/node/v16.13.2/bin/yarn publish

PATH: 
  /Users/abidali/.gem/ruby/2.6.0/bin:/Users/abidali/.nvm/versions/node/v16.13.2/bin:/Library/Frameworks/Python.framework/Versions/3.9/bin:/opt/homebrew/bin:/opt/homebrew/sbin:/usr/local/bin:/usr/bin:/bin:/usr/sbin:/sbin:/Library/Apple/usr/bin:/Users/abidali/Desktop/work/fiverr/2022/06/komiie/Quizzler/node_modules/.bin:/Users/abidali/Library/Android/sdk/emulator:/Users/abidali/Library/Android/sdk/tools:/Users/abidali/Library/Android/sdk/tools/bin:/Users/abidali/Library/Android/sdk/platform-tools:/Users/abidali/.yarn/bin

Yarn version: 
  1.22.17

Node version: 
  16.13.2

Platform: 
  darwin arm64

Trace: 
  Error: canceled
      at Interface.<anonymous> (/Users/abidali/.nvm/versions/node/v16.13.2/lib/node_modules/yarn/lib/cli.js:137143:13)
      at Interface.emit (node:events:390:28)
      at Interface._ttyWrite (node:readline:1081:16)
      at ReadStream.onkeypress (node:readline:288:10)
      at ReadStream.emit (node:events:390:28)
      at emitKeys (node:internal/readline/utils:358:14)
      at emitKeys.next (<anonymous>)
      at ReadStream.onData (node:internal/readline/emitKeypressEvents:61:36)
      at ReadStream.emit (node:events:390:28)
      at addChunk (node:internal/streams/readable:315:12)

npm manifest: 
  {
    "name": "quizzler",
    "version": "1.0.1",
    "main": "node_modules/expo/AppEntry.js",
    "scripts": {
      "publish": "expo publish",
      "start": "expo start",
      "android": "expo start --android",
      "ios": "expo start --ios",
      "web": "expo start --web",
      "eject": "expo eject"
    },
    "dependencies": {
      "@expo/webpack-config": "~0.16.2",
      "expo": "~45.0.0",
      "expo-status-bar": "~1.3.0",
      "react": "17.0.2",
      "react-dom": "17.0.2",
      "react-native": "^0.68.2",
      "react-native-web": "0.17.7",
      "webpack-dev-server": "~3.11.0"
    },
    "devDependencies": {
      "@babel/core": "^7.12.9"
    },
    "private": false
  }

yarn manifest: 
  No manifest

Lockfile: 
  No lockfile
